<?xml version="1.0" encoding="UTF-8"?>
<!-- Generated by org.testng.reporters.JUnitXMLReporter -->
<testsuite ignored="0" hostname="DESKTOP-C7JRHPB" failures="0" tests="4" name="Default test" time="9.774" errors="0" timestamp="2024-10-19T22:36:40 IST">
  <testcase classname="TestNG.FirstScript" name="OpenApp" time="6.281"/>
  <testcase classname="TestNG.FirstScript" name="TestLogo" time="3.092"/>
  <testcase classname="TestNG.FirstScript" name="TestLogin" time="0.194"/>
  <testcase classname="TestNG.FirstScript" name="CloseApp" time="0.116"/>
</testsuite> <!-- Default test -->
