<?xml version="1.0" encoding="UTF-8"?>
<!-- Generated by org.testng.reporters.JUnitXMLReporter -->
<testsuite ignored="0" hostname="DESKTOP-C7JRHPB" failures="0" tests="6" name="Test" time="0.153" errors="0" timestamp="2024-10-21T15:29:17 IST">
  <testcase classname="TestNG.TestNG_groups" name="OpenApp" time="0.021"/>
  <testcase classname="TestNG.TestNG_groups" name="SignUp" time="0.002"/>
  <testcase classname="TestNG.TestNG_groups" name="Login" time="0.003"/>
  <testcase classname="TestNG.TestNG_groups" name="LoginByMail" time="0.003"/>
  <testcase classname="TestNG.TestNG_groups" name="LoginByFacebook" time="0.004"/>
  <testcase classname="TestNG.TestNG_groups" name="LogOut" time="0.003"/>
</testsuite> <!-- Test -->
