<?xml version="1.0" encoding="UTF-8"?>
<!-- Generated by org.testng.reporters.JUnitXMLReporter -->
<testsuite ignored="2" hostname="DESKTOP-C7JRHPB" failures="0" tests="1" name="CB_Test_Chrome" time="1.287" errors="0" timestamp="2024-11-21T19:28:56 IST">
  <testcase classname="TestNG.CrossBrowser_BaseClass" name="@BeforeMethod BM" time="1.115">
    <failure type="java.lang.NoClassDefFoundError" message="org/openqa/selenium/interactions/HasTouchScreen">
      <![CDATA[java.lang.NoClassDefFoundError: org/openqa/selenium/interactions/HasTouchScreen
at java.base/java.lang.ClassLoader.defineClass1(Native Method)
at java.base/java.lang.ClassLoader.defineClass(ClassLoader.java:1026)
at java.base/java.security.SecureClassLoader.defineClass(SecureClassLoader.java:150)
at java.base/jdk.internal.loader.BuiltinClassLoader.defineClass(BuiltinClassLoader.java:862)
at java.base/jdk.internal.loader.BuiltinClassLoader.findClassOnClassPathOrNull(BuiltinClassLoader.java:760)
at java.base/jdk.internal.loader.BuiltinClassLoader.loadClassOrNull(BuiltinClassLoader.java:681)
at java.base/jdk.internal.loader.BuiltinClassLoader.loadClass(BuiltinClassLoader.java:639)
at java.base/jdk.internal.loader.ClassLoaders$AppClassLoader.loadClass(ClassLoaders.java:188)
at java.base/java.lang.ClassLoader.loadClass(ClassLoader.java:528)
at TestNG.CrossBrowser_BaseClass.BM(CrossBrowser_BaseClass.java:21)
at java.base/java.util.ArrayList.forEach(ArrayList.java:1597)
Caused by: java.lang.ClassNotFoundException: org.openqa.selenium.interactions.HasTouchScreen
at java.base/jdk.internal.loader.BuiltinClassLoader.loadClass(BuiltinClassLoader.java:641)
at java.base/jdk.internal.loader.ClassLoaders$AppClassLoader.loadClass(ClassLoaders.java:188)
at java.base/java.lang.ClassLoader.loadClass(ClassLoader.java:528)
... 40 more
... Removed 29 stack frames]]>
    </failure>
  </testcase> <!-- @BeforeMethod BM -->
  <testcase classname="TestNG.CrossBrowser_BaseClass" name="@AfterMethod AM" time="0.0">
    <skipped/>
  </testcase> <!-- @AfterMethod AM -->
  <testcase classname="TestNG.CrossBrowser_TestClass" name="Test_001" time="0.0">
    <skipped/>
  </testcase> <!-- Test_001 -->
  <testcase classname="TestNG.CrossBrowser_TestClass" name="Test_003" time="0.0">
    <ignored/>
  </testcase> <!-- Test_003 -->
  <testcase classname="TestNG.CrossBrowser_TestClass" name="Test_002" time="0.0">
    <ignored/>
  </testcase> <!-- Test_002 -->
</testsuite> <!-- CB_Test_Chrome -->
