<?xml version="1.0" encoding="UTF-8"?>
<!-- Generated by org.testng.reporters.JUnitXMLReporter -->
<testsuite ignored="3" hostname="DESKTOP-C7JRHPB" failures="0" tests="0" time="0.028" errors="0" timestamp="2024-11-21T19:23:15 IST">
  <testcase classname="TestNG.CrossBrowser_TestClass" name="Test_003" time="0.0">
    <ignored/>
  </testcase> <!-- Test_003 -->
  <testcase classname="TestNG.CrossBrowser_TestClass" name="Test_001" time="0.0">
    <ignored/>
  </testcase> <!-- Test_001 -->
  <testcase classname="TestNG.CrossBrowser_TestClass" name="Test_002" time="0.0">
    <ignored/>
  </testcase> <!-- Test_002 -->
</testsuite>
