<?xml version="1.0" encoding="UTF-8"?>
<!-- Generated by org.testng.reporters.JUnitXMLReporter -->
<testsuite ignored="1" hostname="DESKTOP-C7JRHPB" failures="0" tests="2" name="CB_Test2" time="22.02" errors="0" timestamp="2024-11-21T19:29:18 IST">
  <testcase classname="TestNG.CrossBrowser_TestClass" name="Test_001" time="0.012"/>
  <testcase classname="TestNG.CrossBrowser_TestClass" name="Test_002" time="0.004"/>
  <testcase classname="TestNG.CrossBrowser_TestClass" name="Test_003" time="0.0">
    <ignored/>
  </testcase> <!-- Test_003 -->
</testsuite> <!-- CB_Test2 -->
